This is pdfTeX, Version 3.14159265-2.6-1.40.16 (TeX Live 2016/dev) (preloaded format=latex 2016.11.20)  16 JAN 2017 17:53
entering extended mode
 restricted \write18 enabled.
 %&-line parsing enabled.
**./images.tex
(./images.tex
LaTeX2e <2015/01/01> patch level 2
Babel <3.9m> and hyphenation patterns for 2 languages loaded.

(/usr/share/texlive/texmf-dist/tex/latex/base/book.cls
Document Class: book 2014/09/29 v1.4h Standard LaTeX document class
(/usr/share/texlive/texmf-dist/tex/latex/base/bk10.clo
File: bk10.clo 2014/09/29 v1.4h Standard LaTeX file (size option)
)
\c@part=\count79
\c@chapter=\count80
\c@section=\count81
\c@subsection=\count82
\c@subsubsection=\count83
\c@paragraph=\count84
\c@subparagraph=\count85
\c@figure=\count86
\c@table=\count87
\abovecaptionskip=\skip41
\belowcaptionskip=\skip42
\bibindent=\dimen102
) (/usr/share/texlive/texmf-dist/tex/latex/base/ifthen.sty
Package: ifthen 2014/09/29 v1.1c Standard LaTeX ifthen package (DPC)
) (/usr/share/texlive/texmf-dist/tex/latex/base/inputenc.sty
Package: inputenc 2015/03/17 v1.2c Input encoding file
\inpenc@prehook=\toks14
\inpenc@posthook=\toks15
(/usr/share/texlive/texmf-dist/tex/latex/base/latin1.def
File: latin1.def 2015/03/17 v1.2c Input encoding file
)) (/usr/share/texlive/texmf-dist/tex/latex/base/fontenc.sty
Package: fontenc 2005/09/27 v1.99g Standard LaTeX package
(/usr/share/texlive/texmf-dist/tex/latex/base/t1enc.def
File: t1enc.def 2005/09/27 v1.99g Standard LaTeX file
LaTeX Font Info:    Redeclaring font encoding T1 on input line 48.
)) (/usr/share/texlive/texmf-dist/tex/generic/babel/babel.sty
Package: babel 2015/08/03 3.9m The Babel package
(/usr/share/texlive/texmf-dist/tex/generic/babel-french/frenchb.ldf
Language: frenchb 2015/08/19 v3.1h French support from the babel system
(/usr/share/texlive/texmf-dist/tex/generic/babel/babel.def
File: babel.def 2015/08/03 3.9m Babel common definitions
\babel@savecnt=\count88
\U@D=\dimen103
)
\l@french = a dialect from \language\l@nohyphenation 

Package babel Warning: No hyphenation patterns were preloaded for
(babel)                the language `French' into the format.
(babel)                Please, configure your TeX system to add them and
(babel)                rebuild the format. Now I will use the patterns
(babel)                preloaded for \language=nohyphenation instead on input l
ine 75.

\l@acadian = a dialect from \language\l@french 
\l@canadien = a dialect from \language\l@french 
\FBcolonskip=\skip43
\FBthinskip=\skip44
\FB@interchartokenstateORI=\count89
Package babel Info: Making : an active character on input line 353.
Package babel Info: Making ; an active character on input line 354.
Package babel Info: Making ! an active character on input line 355.
Package babel Info: Making ? an active character on input line 356.
\FBguillskip=\skip45
\FBguill@level=\count90
\FB@Mht=\dimen104
\std@mcc=\count91
\dec@mcc=\count92
\listindentFB=\skip46
\labelwidthFB=\skip47
\leftmarginFB=\skip48
\parindentFFN=\dimen105
)) (/usr/share/texlive/texmf-dist/tex/latex/carlisle/scalefnt.sty) (/usr/share/
texlive/texmf-dist/tex/latex/graphics/keyval.sty
Package: keyval 2014/10/28 v1.15 key=value parser (DPC)
\KV@toks@=\toks16
) (/usr/share/texlive/texmf-dist/tex/latex/base/makeidx.sty
Package: makeidx 2014/09/29 v1.0m Standard LaTeX package
) (/usr/share/texlive/texmf-dist/tex/latex/tools/longtable.sty
Package: longtable 2014/10/28 v4.11 Multi-page Table package (DPC)
\LTleft=\skip49
\LTright=\skip50
\LTpre=\skip51
\LTpost=\skip52
\LTchunksize=\count93
\LTcapwidth=\dimen106
\LT@head=\box26
\LT@firsthead=\box27
\LT@foot=\box28
\LT@lastfoot=\box29
\LT@cols=\count94
\LT@rows=\count95
\c@LT@tables=\count96
\c@LT@chunks=\count97
\LT@p@ftn=\toks17
) (/usr/share/texlive/texmf-dist/tex/latex/multirow/multirow.sty
\bigstrutjot=\dimen107
) (/usr/share/texlive/texmf-dist/tex/latex/fancybox/fancybox.sty
Package: fancybox 2010/05/15 1.4
Style option: `fancybox' v1.4 <2010/05/15> (tvz)
\@fancybox=\box30
\shadowsize=\dimen108
\@Sbox=\box31
\do@VerbBox=\toks18
\the@fancyput=\toks19
\this@fancyput=\toks20
\EndVerbatimTokens=\toks21
\Verbatim@Outfile=\write3
\Verbatim@Infile=\read1
) (/usr/share/texlive/texmf-dist/tex/latex/fancyhdr/fancyhdr.sty
\fancy@headwidth=\skip53
\f@ncyO@elh=\skip54
\f@ncyO@erh=\skip55
\f@ncyO@olh=\skip56
\f@ncyO@orh=\skip57
\f@ncyO@elf=\skip58
\f@ncyO@erf=\skip59
\f@ncyO@olf=\skip60
\f@ncyO@orf=\skip61
) (/usr/share/texlive/texmf-dist/tex/latex/graphics/graphics.sty
Package: graphics 2014/10/28 v1.0p Standard LaTeX Graphics (DPC,SPQR)
(/usr/share/texlive/texmf-dist/tex/latex/graphics/trig.sty
Package: trig 1999/03/16 v1.09 sin cos tan (DPC)
) (/usr/share/texlive/texmf-dist/tex/latex/latexconfig/graphics.cfg
File: graphics.cfg 2010/04/23 v1.9 graphics configuration of TeX Live
)
Package graphics Info: Driver file: dvips.def on input line 94.
(/usr/share/texlive/texmf-dist/tex/latex/graphics/dvips.def
File: dvips.def 2014/10/14 v3.0j Driver-dependent file (DPC,SPQR)
)) (/usr/share/texlive/texmf-dist/tex/latex/hyperref/hyperref.sty
Package: hyperref 2012/11/06 v6.83m Hypertext links for LaTeX
(/usr/share/texlive/texmf-dist/tex/generic/oberdiek/hobsub-hyperref.sty
Package: hobsub-hyperref 2012/05/28 v1.13 Bundle oberdiek, subset hyperref (HO)

(/usr/share/texlive/texmf-dist/tex/generic/oberdiek/hobsub-generic.sty
Package: hobsub-generic 2012/05/28 v1.13 Bundle oberdiek, subset generic (HO)
Package: hobsub 2012/05/28 v1.13 Construct package bundles (HO)
Package: infwarerr 2010/04/08 v1.3 Providing info/warning/error messages (HO)
Package: ltxcmds 2011/11/09 v1.22 LaTeX kernel commands for general use (HO)
Package: ifluatex 2010/03/01 v1.3 Provides the ifluatex switch (HO)
Package ifluatex Info: LuaTeX not detected.
Package: ifvtex 2010/03/01 v1.5 Detect VTeX and its facilities (HO)
Package ifvtex Info: VTeX not detected.
Package: intcalc 2007/09/27 v1.1 Expandable calculations with integers (HO)
Package: ifpdf 2011/01/30 v2.3 Provides the ifpdf switch (HO)
Package ifpdf Info: pdfTeX in PDF mode is not detected.
Package: etexcmds 2011/02/16 v1.5 Avoid name clashes with e-TeX commands (HO)
Package etexcmds Info: Could not find \expanded.
(etexcmds)             That can mean that you are not using pdfTeX 1.50 or
(etexcmds)             that some package has redefined \expanded.
(etexcmds)             In the latter case, load this package earlier.
Package: kvsetkeys 2012/04/25 v1.16 Key value parser (HO)
Package: kvdefinekeys 2011/04/07 v1.3 Define keys (HO)
Package: pdftexcmds 2011/11/29 v0.20 Utility functions of pdfTeX for LuaTeX (HO
)
Package pdftexcmds Info: LuaTeX not detected.
Package pdftexcmds Info: \pdf@primitive is available.
Package pdftexcmds Info: \pdf@ifprimitive is available.
Package pdftexcmds Info: \pdfdraftmode is ignored in DVI mode.
Package: pdfescape 2011/11/25 v1.13 Implements pdfTeX's escape features (HO)
Package: bigintcalc 2012/04/08 v1.3 Expandable calculations on big integers (HO
)
Package: bitset 2011/01/30 v1.1 Handle bit-vector datatype (HO)
Package: uniquecounter 2011/01/30 v1.2 Provide unlimited unique counter (HO)
)
Package hobsub Info: Skipping package `hobsub' (already loaded).
Package: letltxmacro 2010/09/02 v1.4 Let assignment for LaTeX macros (HO)
Package: hopatch 2012/05/28 v1.2 Wrapper for package hooks (HO)
Package: xcolor-patch 2011/01/30 xcolor patch
Package: atveryend 2011/06/30 v1.8 Hooks at the very end of document (HO)
Package atveryend Info: \enddocument detected (standard20110627).
Package: atbegshi 2011/10/05 v1.16 At begin shipout hook (HO)
Package: refcount 2011/10/16 v3.4 Data extraction from label references (HO)
Package: hycolor 2011/01/30 v1.7 Color options for hyperref/bookmark (HO)
) (/usr/share/texlive/texmf-dist/tex/generic/ifxetex/ifxetex.sty
Package: ifxetex 2010/09/12 v0.6 Provides ifxetex conditional
) (/usr/share/texlive/texmf-dist/tex/latex/oberdiek/auxhook.sty
Package: auxhook 2011/03/04 v1.3 Hooks for auxiliary files (HO)
) (/usr/share/texlive/texmf-dist/tex/latex/oberdiek/kvoptions.sty
Package: kvoptions 2011/06/30 v3.11 Key value format for package options (HO)
)
\@linkdim=\dimen109
\Hy@linkcounter=\count98
\Hy@pagecounter=\count99
(/usr/share/texlive/texmf-dist/tex/latex/hyperref/pd1enc.def
File: pd1enc.def 2012/11/06 v6.83m Hyperref: PDFDocEncoding definition (HO)
)
\Hy@SavedSpaceFactor=\count100
(/usr/share/texlive/texmf-dist/tex/latex/latexconfig/hyperref.cfg
File: hyperref.cfg 2002/06/06 v1.2 hyperref configuration of TeXLive
)

! Package hyperref Error: Wrong driver option `pdftex',
(hyperref)                because pdfTeX in PDF mode is not detected.

See the hyperref package documentation for explanation.
Type  H <return>  for immediate help.
 ...                                              
                                                  
l.4319 \ProcessKeyvalOptions{Hyp}
                                 
Try typing  <return>  to proceed.
If that doesn't work, type  X <return>  to quit.

Package hyperref Info: Option `colorlinks' set `true' on input line 4319.
Package hyperref Info: Hyper figures OFF on input line 4443.
Package hyperref Info: Link nesting OFF on input line 4448.
Package hyperref Info: Hyper index ON on input line 4451.
Package hyperref Info: Plain pages OFF on input line 4458.
Package hyperref Info: Backreferencing OFF on input line 4463.
Package hyperref Info: Implicit mode ON; LaTeX internals redefined.
Package hyperref Info: Bookmarks ON on input line 4688.
\c@Hy@tempcnt=\count101
(/usr/share/texlive/texmf-dist/tex/latex/url/url.sty
\Urlmuskip=\muskip10
Package: url 2013/09/16  ver 3.4  Verb mode for urls, etc.
)
LaTeX Info: Redefining \url on input line 5041.
\XeTeXLinkMargin=\dimen110
\Fld@menulength=\count102
\Field@Width=\dimen111
\Fld@charsize=\dimen112
Package hyperref Info: Hyper figures OFF on input line 6295.
Package hyperref Info: Link nesting OFF on input line 6300.
Package hyperref Info: Hyper index ON on input line 6303.
Package hyperref Info: backreferencing OFF on input line 6310.
Package hyperref Info: Link coloring ON on input line 6313.
Package hyperref Info: Link coloring with OCG OFF on input line 6320.
Package hyperref Info: PDF/A mode OFF on input line 6325.
LaTeX Info: Redefining \ref on input line 6365.
LaTeX Info: Redefining \pageref on input line 6369.
\Hy@abspage=\count103
\c@Item=\count104
\c@Hfootnote=\count105
)

Package hyperref Message: Driver (default): hdvips.

(/usr/share/texlive/texmf-dist/tex/latex/hyperref/hdvips.def
File: hdvips.def 2012/11/06 v6.83m Hyperref driver for dvips
(/usr/share/texlive/texmf-dist/tex/latex/hyperref/pdfmark.def
File: pdfmark.def 2012/11/06 v6.83m Hyperref definitions for pdfmark specials
\pdf@docset=\toks22
\pdf@box=\box32
\pdf@toks=\toks23
\pdf@defaulttoks=\toks24
\HyField@AnnotCount=\count106
\Fld@listcount=\count107
\c@bookmark@seq@number=\count108
(/usr/share/texlive/texmf-dist/tex/latex/oberdiek/rerunfilecheck.sty
Package: rerunfilecheck 2011/04/15 v1.7 Rerun checks for auxiliary files (HO)
Package uniquecounter Info: New unique counter `rerunfilecheck' on input line 2
82.
)
\Hy@SectionHShift=\skip62
)) (/usr/share/texlive/texmf-dist/tex/latex/base/alltt.sty
Package: alltt 1997/06/16 v2.0g defines alltt environment
) (/usr/share/texlive/texmf-dist/tex/latex/fancyvrb/fancyvrb.sty
Package: fancyvrb 2008/02/07

Style option: `fancyvrb' v2.7a, with DG/SPQR fixes, and firstline=lastline fix 
<2008/02/07> (tvz)
\FV@CodeLineNo=\count109
\FV@InFile=\read2
\FV@TabBox=\box33
\c@FancyVerbLine=\count110
\FV@StepNumber=\count111
\FV@OutFile=\write4
) (/usr/share/texlive/texmf-dist/tex/latex/graphics/graphicx.sty
Package: graphicx 2014/10/28 v1.0g Enhanced LaTeX Graphics (DPC,SPQR)
\Gin@req@height=\dimen113
\Gin@req@width=\dimen114
)
\@indexfile=\write5
\openout5 = `images.idx'.

Writing index file images.idx
(/usr/share/texlive/texmf-dist/tex/generic/epsf/epsf.tex
This is `epsf.tex' v2.7.4 <14 February 2011>
\epsffilein=\read3
\epsfframemargin=\dimen115
\epsfframethickness=\dimen116
\epsfrsize=\dimen117
\epsftmp=\dimen118
\epsftsize=\dimen119
\epsfxsize=\dimen120
\epsfysize=\dimen121
\pspoints=\dimen122
)
\c@remarque-cnt=\count112
\c@example-cnt=\count113
(/usr/share/texlive/texmf-dist/tex/latex/graphics/color.sty
Package: color 2014/10/28 v1.1a Standard LaTeX Color (DPC)
(/usr/share/texlive/texmf-dist/tex/latex/latexconfig/color.cfg
File: color.cfg 2007/01/18 v1.5 color configuration of teTeX/TeXLive
)
Package color Info: Driver file: dvips.def on input line 142.
(/usr/share/texlive/texmf-dist/tex/latex/graphics/dvipsnam.def
File: dvipsnam.def 2014/10/14 v3.0j Driver-dependent file (DPC,SPQR)
))
\sizebox=\box34
\lthtmlwrite=\write6
No file images.aux.
\openout1 = `images.aux'.

LaTeX Font Info:    Checking defaults for OML/cmm/m/it on input line 249.
LaTeX Font Info:    ... okay on input line 249.
LaTeX Font Info:    Checking defaults for T1/cmr/m/n on input line 249.
LaTeX Font Info:    ... okay on input line 249.
LaTeX Font Info:    Checking defaults for OT1/cmr/m/n on input line 249.
LaTeX Font Info:    ... okay on input line 249.
LaTeX Font Info:    Checking defaults for OMS/cmsy/m/n on input line 249.
LaTeX Font Info:    ... okay on input line 249.
LaTeX Font Info:    Checking defaults for OMX/cmex/m/n on input line 249.
LaTeX Font Info:    ... okay on input line 249.
LaTeX Font Info:    Checking defaults for U/cmr/m/n on input line 249.
LaTeX Font Info:    ... okay on input line 249.
LaTeX Font Info:    Checking defaults for PD1/pdf/m/n on input line 249.
LaTeX Font Info:    ... okay on input line 249.
LaTeX Info: Redefining \degres on input line 249.
LaTeX Info: Redefining \dots on input line 249.
LaTeX Info: Redefining \up on input line 249.
\AtBeginShipoutBox=\box35
Package hyperref Info: Link coloring ON on input line 249.
(/usr/share/texlive/texmf-dist/tex/latex/hyperref/nameref.sty
Package: nameref 2012/10/27 v2.43 Cross-referencing by name of section
(/usr/share/texlive/texmf-dist/tex/generic/oberdiek/gettitlestring.sty
Package: gettitlestring 2010/12/03 v1.4 Cleanup title references (HO)
)
\c@section@level=\count114
)
LaTeX Info: Redefining \ref on input line 249.
LaTeX Info: Redefining \pageref on input line 249.
LaTeX Info: Redefining \nameref on input line 249.
\@outlinefile=\write7
\openout7 = `images.out'.


Package hyperref Warning: Rerun to get /PageLabels entry.


latex2htmlLength hsize=349.0pt

latex2htmlLength vsize=676.36243pt

latex2htmlLength hoffset=0.0pt

latex2htmlLength voffset=0.0pt

latex2htmlLength topmargin=0.0pt

latex2htmlLength topskip=0.00003pt

latex2htmlLength headheight=0.0pt

latex2htmlLength headsep=0.0pt

latex2htmlLength parskip=6.45676pt

latex2htmlLength oddsidemargin=28.0pt

latex2htmlLength evensidemargin=79.0pt

LaTeX Font Info:    External font `cmex10' loaded for size
(Font)              <7> on input line 319.
LaTeX Font Info:    External font `cmex10' loaded for size
(Font)              <5> on input line 319.
l2hSize :tex2html_wrap_inline476:6.95676pt::6.95676pt::8.2777pt.
[1



]
l2hSize :tex2html_wrap_inline1985:8.9682pt::8.9682pt::43.09114pt.
[2


]
l2hSize :tex2html_wrap_inline1987:8.9682pt::8.9682pt::33.9045pt.
[3


]
LaTeX Font Info:    Try loading font information for T1+cmtt on input line 352.

(/usr/share/texlive/texmf-dist/tex/latex/base/t1cmtt.fd
File: t1cmtt.fd 2014/09/29 v2.5h Standard LaTeX font definitions
)
l2hSize :tex2html_wrap_inline1989:10.00961pt::10.00961pt::12.5486pt.
[4


]
l2hSize :tex2html_wrap_inline1991:8.2045pt::8.2045pt::12.5486pt.
[5


]
l2hSize :figure1044:138.91972pt::0.0pt::349.0pt.
[6


]
l2hSize :tex2html_wrap_inline2085:8.9682pt::8.9682pt::23.36263pt.
[7


]
l2hSize :tex2html_wrap_inline2087:8.9682pt::8.9682pt::30.27205pt.
[8


]
l2hSize :tex2html_wrap_inline2089:10.7872pt::10.7872pt::14.79805pt.
[9


]
l2hSize :tex2html_wrap_inline2093:10.7872pt::10.7872pt::14.52034pt.
[10


]
l2hSize :tex2html_wrap_inline4290:6.45676pt::0.0pt::12.1665pt.
[11


]
Underfull \hbox (badness 2245) in paragraph at lines 492--492
\T1/cmr/m/n/10 << niveau \T1/cmr/m/sl/10 Utilisateur \T1/cmr/m/n/10 >>
 []


Underfull \hbox (badness 10000) in paragraph at lines 495--495
\T1/cmr/m/n/10 << niveau \T1/cmr/m/sl/10 Groupe \T1/cmr/m/n/10 >>
 []


Underfull \hbox (badness 3240) in paragraph at lines 498--498
\T1/cmr/m/n/10 des groupes secondaire
 []


Underfull \hbox (badness 10000) in paragraph at lines 501--501
\T1/cmr/m/n/10 << niveau \T1/cmr/m/sl/10 Autre \T1/cmr/m/n/10 >>
 []


Overfull \hbox (46.59921pt too wide) in paragraph at lines 510--511
 [][] 
 []

l2hSize :figure3247:260.35948pt::0.0pt::349.0pt.
[12


]
l2hSize :tex2html_wrap_inline4294:8.14003pt::0.0pt::28.31927pt.
[13


]
l2hSize :tex2html_wrap_inline4296:8.14003pt::0.0pt::28.31927pt.
[14


]
l2hSize :tex2html_wrap_inline4298:8.14003pt::0.0pt::28.31927pt.
[15


]
l2hSize :tex2html_wrap_inline4300:8.14003pt::0.0pt::9.98604pt.
[16


]
l2hSize :tex2html_wrap_inline4302:8.14003pt::0.0pt::9.98604pt.
[17


]
l2hSize :tex2html_wrap_inline4304:8.14003pt::0.0pt::9.98604pt.
[18


]
l2hSize :tex2html_wrap_inline4306:8.64003pt::8.64003pt::27.20819pt.
[19


]
l2hSize :tex2html_wrap_inline4308:8.64003pt::8.64003pt::27.20819pt.
[20


]
l2hSize :tex2html_wrap_inline4310:8.64003pt::8.64003pt::27.20819pt.
[21


]
l2hSize :tex2html_wrap_inline4314:8.64003pt::8.64003pt::27.20819pt.
[22


]
l2hSize :tex2html_wrap_inline4318:8.64003pt::8.64003pt::27.20819pt.
[23


]
l2hSize :tex2html_wrap_inline4322:8.64003pt::8.64003pt::27.20819pt.
[24


]
l2hSize :tex2html_wrap_inline5476:8.9682pt::8.9682pt::24.26518pt.
[25


]
l2hSize :tex2html_nomath_inline6722:4.3045pt::0.0pt::8.27577pt.
[26


]
l2hSize :tex2html_wrap_inline33437:18.3584pt::18.3584pt::279.70096pt.
[27


]
l2hSize :tex2html_wrap_inline8998:10.00961pt::10.00961pt::122.77168pt.
[28


]
l2hSize :tex2html_wrap_inline9006:10.00961pt::10.00961pt::122.77168pt.
[29


]
l2hSize :tex2html_wrap_inline9040:10.84274pt::10.84274pt::112.27425pt.
[30


]
l2hSize :tex2html_wrap_inline8756:8.0pt::8.0pt::5.49991pt.
[31


]
l2hSize :tex2html_wrap_inline10555:8.9682pt::8.9682pt::37.18147pt.
[32


]
l2hSize :tex2html_wrap_inline10575:10.7872pt::10.7872pt::13.4095pt.
[33


]
l2hSize :tex2html_wrap_inline10511:6.45676pt::0.0pt::5.49991pt.
[34


]
l2hSize :tex2html_wrap_inline11003:10.7872pt::10.7872pt::14.9369pt.
[35


]
l2hSize :tex2html_wrap_inline10525:6.6428pt::0.0pt::9.79402pt.
[36


]
l2hSize :tex2html_wrap_inline10527:6.6428pt::0.0pt::9.79402pt.
[37


]
l2hSize :tex2html_wrap_inline10529:6.6428pt::0.0pt::13.72227pt.
[38


]
l2hSize :tex2html_wrap_inline11773:6.6428pt::0.0pt::10.79636pt.
[39


]

LaTeX Warning: \oval, \circle, or \line size unavailable on input line 835.


LaTeX Warning: \oval, \circle, or \line size unavailable on input line 837.

l2hSize :figure13079:68.07986pt::0.0pt::349.0pt.
[40


]
l2hSize :tex2html_wrap_inline14641:6.6428pt::0.0pt::4.794pt.
[41


]
l2hSize :tex2html_wrap_inline14645:6.45676pt::0.0pt::5.49991pt.
[42


]
l2hSize :tex2html_wrap_inline14647:6.45676pt::0.0pt::5.49991pt.
[43


]
l2hSize :tex2html_wrap_inline14649:6.45676pt::0.0pt::5.49991pt.
[44


]
l2hSize :tex2html_wrap_inline17232:6.95676pt::6.95676pt::34.51799pt.
[45


]
l2hSize :tex2html_wrap_inline17236:8.64003pt::8.64003pt::34.51799pt.
[46


]
l2hSize :tex2html_wrap_inline17238:8.64003pt::8.64003pt::34.51799pt.
[47


]
l2hSize :tex2html_wrap_inline17242:6.95676pt::6.95676pt::4.98602pt.
[48


]
l2hSize :tex2html_wrap_inline17244:6.95676pt::6.95676pt::4.98602pt.
[49


]
l2hSize :tex2html_wrap_inline17246:8.0pt::8.0pt::3.27768pt.
[50


]
l2hSize :tex2html_wrap_inline17248:8.0pt::8.0pt::3.27768pt.
[51


]
l2hSize :tex2html_wrap_inline17256:6.95676pt::6.95676pt::6.3888pt.
[52


]
l2hSize :tex2html_wrap_inline17260:6.45676pt::0.0pt::6.50224pt.
[53


]
l2hSize :tex2html_wrap_inline17262:8.49002pt::0.0pt::24.51587pt.
[54


]
l2hSize :tex2html_wrap_inline17984:10.7872pt::10.7872pt::28.40584pt.
[55


]
l2hSize :tex2html_wrap_inline17988:10.7872pt::10.7872pt::26.0453pt.
[56


]
l2hSize :tex2html_wrap_inline17990:10.0493pt::10.0493pt::71.8269pt.
[57


]
l2hSize :tex2html_wrap_inline17994:10.0493pt::10.0493pt::71.8269pt.
[58


]
l2hSize :tex2html_wrap_inline19426:6.45676pt::0.0pt::5.49991pt.
[59


]
l2hSize :tex2html_wrap_inline19456:8.0pt::8.0pt::21.95128pt.
[60


]
l2hSize :tex2html_wrap_inline19462:6.95676pt::6.95676pt::17.79622pt.
[61


]
l2hSize :tex2html_wrap_inline19464:6.95676pt::6.95676pt::17.79622pt.
[62


]
l2hSize :tex2html_wrap_inline19480:6.95676pt::6.95676pt::19.83096pt.
[63


]
l2hSize :tex2html_wrap_inline19482:6.95676pt::6.95676pt::19.83096pt.
[64


]
l2hSize :tex2html_wrap_inline22110:6.95676pt::6.95676pt::23.7244pt.
[65


]
Overfull \hbox (59.46025pt too wide) detected at line 1146
[]
 []

l2hSize :displaymath21277:62.82703pt::0.0pt::349.0pt.
[66


]
l2hSize :displaymath21295:66.02722pt::0.0pt::349.0pt.
[67


]
l2hSize :displaymath21440:66.02722pt::0.0pt::349.0pt.
[68


]
l2hSize :tex2html_wrap_inline23185:6.95676pt::6.95676pt::39.94441pt.
[69


]
l2hSize :tex2html_wrap_inline24686:6.95676pt::6.95676pt::24.83548pt.
[70


]
l2hSize :tex2html_wrap_inline24688:6.6428pt::0.0pt::10.79636pt.
[71


]
l2hSize :tex2html_wrap_inline24766:6.45676pt::0.0pt::10.49991pt.
[72


]
l2hSize :tex2html_wrap_inline28060:10.7872pt::10.7872pt::31.44398pt.
[73


]
l2hSize :tex2html_wrap_inline28104:8.2045pt::8.2045pt::13.4095pt.
[74


]
l2hSize :tex2html_wrap_inline28106:8.9682pt::8.9682pt::19.8968pt.
[75


]
l2hSize :tex2html_wrap_inline28252:8.2045pt::8.2045pt::12.29866pt.
[76


]
l2hSize :tex2html_wrap_inline28282:8.2045pt::8.2045pt::12.57637pt.
[77


]
l2hSize :tex2html_wrap_inline28394:8.2045pt::8.2045pt::12.85408pt.
[78


]
l2hSize :tex2html_wrap_inline28396:10.84444pt::10.84444pt::12.2999pt.
[79


]
l2hSize :tex2html_wrap_inline28402:10.53331pt::10.53331pt::10.35469pt.
[80


]
l2hSize :tex2html_wrap_inline28406:8.2045pt::8.2045pt::12.85408pt.
[81


]
l2hSize :tex2html_wrap_inline28408:10.84444pt::10.84444pt::12.2999pt.
[82


]
l2hSize :tex2html_wrap_inline28414:10.7872pt::10.7872pt::12.85408pt.
[83


]
l2hSize :tex2html_wrap_inline28416:10.09848pt::10.09848pt::60.11331pt.
[84


]
l2hSize :tex2html_wrap_inline28418:7.56874pt::7.56874pt::17.2999pt.
[85


]
l2hSize :tex2html_wrap_inline28424:7.56874pt::7.56874pt::17.2999pt.
[86


]
l2hSize :tex2html_wrap_inline28528:8.2045pt::8.2045pt::14.52034pt.
[87


]
l2hSize :tex2html_wrap_inline28534:8.2045pt::8.2045pt::12.57637pt.
[88


]
l2hSize :tex2html_wrap_inline27874:7.33331pt::7.33331pt::28.40283pt.
[89


]
l2hSize :tex2html_wrap_inline27876:7.33331pt::7.33331pt::31.18062pt.
[90


]
l2hSize :tex2html_wrap_inline27878:6.95676pt::6.95676pt::29.4547pt.
[91


]
l2hSize :tex2html_wrap_inline27884:8.0pt::8.0pt::73.72427pt.
[92


]
l2hSize :tex2html_wrap_inline28776:8.2045pt::8.2045pt::12.57637pt.
[93


]
l2hSize :tex2html_wrap_inline27902:6.95676pt::6.95676pt::4.98602pt.
[94


]
l2hSize :tex2html_wrap_inline28836:10.53331pt::10.53331pt::10.07698pt.
[95


]
l2hSize :tex2html_wrap_inline27926:6.95676pt::6.95676pt::15.83263pt.
[96


]
l2hSize :tex2html_wrap_inline29168:8.2045pt::8.2045pt::11.74324pt.
[97


]
l2hSize :tex2html_wrap_inline29176:8.2045pt::8.2045pt::12.85408pt.
[98


]
l2hSize :tex2html_wrap_inline29180:10.7872pt::10.7872pt::12.85408pt.
[99


]
l2hSize :tex2html_wrap_inline29184:10.7872pt::10.7872pt::12.85408pt.
[100


]
l2hSize :tex2html_wrap_inline29190:10.7872pt::10.7872pt::10.35469pt.
[101


]
l2hSize :tex2html_wrap_inline29196:10.7872pt::10.7872pt::10.07698pt.
[102


]
l2hSize :tex2html_wrap_inline27952:6.95676pt::6.95676pt::19.60695pt.
[103


]
l2hSize :tex2html_wrap_inline27974:6.95676pt::6.95676pt::8.2777pt.
[104


]
l2hSize :tex2html_wrap_inline29684:10.7872pt::10.7872pt::10.91011pt.
[105


]
l2hSize :tex2html_wrap_inline29686:10.7872pt::10.7872pt::15.07576pt.
[106


]
l2hSize :tex2html_wrap_inline29694:8.2045pt::8.2045pt::12.29866pt.
[107


]
l2hSize :tex2html_wrap_inline29696:10.7872pt::10.7872pt::14.79805pt.
[108


]
l2hSize :tex2html_wrap_inline29698:8.2045pt::8.2045pt::12.29866pt.
[109


]
l2hSize :tex2html_wrap_inline31309:8.2045pt::8.2045pt::11.74324pt.
[110


]
l2hSize :tex2html_wrap_inline31317:8.2045pt::8.2045pt::11.24336pt.
[111


]
l2hSize :tex2html_wrap_inline31405:10.7872pt::10.7872pt::84.28108pt.
[112


]
l2hSize :tex2html_wrap_inline31407:10.7872pt::10.7872pt::89.5298pt.
[113


]
l2hSize :tex2html_wrap_inline31413:10.84274pt::10.84274pt::59.78706pt.
[114


]
l2hSize :tex2html_wrap_inline31425:8.2045pt::8.2045pt::12.57637pt.
[115


]
l2hSize :tex2html_wrap_inline31429:8.2045pt::8.2045pt::11.21559pt.
[116


]
l2hSize :tex2html_wrap_inline31439:8.2045pt::8.2045pt::12.57637pt.
[117


]
l2hSize :tex2html_wrap_inline31565:10.7872pt::10.7872pt::13.68726pt.
[118


]
l2hSize :tex2html_wrap_inline31573:10.7872pt::10.7872pt::12.57637pt.
[119


]
l2hSize :tex2html_wrap_inline31577:10.7872pt::10.7872pt::14.79805pt.
[120


]
l2hSize :tex2html_wrap_inline31581:10.7872pt::10.7872pt::14.38148pt.
[121


]
l2hSize :tex2html_wrap_inline31705:10.0493pt::10.0493pt::11.18782pt.
[122


]
l2hSize :tex2html_wrap_inline31749:9.29097pt::9.29097pt::15.07768pt.
[123


]
l2hSize :tex2html_wrap_inline31753:9.29097pt::9.29097pt::15.07768pt.
[124


]
l2hSize :tex2html_wrap_inline31789:11.39816pt::11.39816pt::15.63118pt.
[125


]
l2hSize :tex2html_wrap_inline31797:8.9682pt::8.9682pt::24.2513pt.
[126


]
l2hSize :tex2html_wrap_inline31799:6.95676pt::6.95676pt::10.07698pt.
[127


]
l2hSize :tex2html_wrap_inline31801:10.7872pt::10.7872pt::11.74329pt.
[128


]
l2hSize :tex2html_wrap_inline31815:8.9682pt::8.9682pt::33.9045pt.
[129


]
l2hSize :tex2html_wrap_inline31819:10.3151pt::10.3151pt::12.29866pt.
[130


]
l2hSize :tex2html_wrap_inline31921:10.7872pt::10.7872pt::14.79805pt.
[131


]
l2hSize :tex2html_wrap_inline31959:10.3151pt::10.3151pt::12.29866pt.
[132


]
l2hSize :tex2html_wrap_inline31977:10.3151pt::10.3151pt::12.29866pt.
[133


]
l2hSize :tex2html_wrap_inline32007:10.3151pt::10.3151pt::12.29866pt.
[134


]
l2hSize :tex2html_wrap_inline32019:10.3151pt::10.3151pt::12.29866pt.
[135


]
l2hSize :tex2html_wrap_inline32612:6.45676pt::0.0pt::7.16658pt.
[136


]
l2hSize :tex2html_wrap_inline32636:8.9682pt::8.9682pt::23.59868pt.
[137


]
l2hSize :tex2html_wrap_inline32642:8.9682pt::8.9682pt::32.29378pt.
[138


]
l2hSize :tex2html_wrap_inline32614:7.44444pt::7.44444pt::5.49991pt.
[139


]
l2hSize :tex2html_wrap_inline32668:8.53746pt::8.53746pt::18.41106pt.
[140


]
l2hSize :tex2html_wrap_inline32680:8.2045pt::8.2045pt::12.5486pt.
[141


]
l2hSize :tex2html_wrap_inline32684:10.00961pt::10.00961pt::12.5486pt.
[142


]
l2hSize :tex2html_wrap_inline32690:10.7872pt::10.7872pt::14.79805pt.
[143


]
l2hSize :tex2html_wrap_inline32692:10.7872pt::10.7872pt::14.79805pt.
[144


]
Package atveryend Info: Empty hook `BeforeClearDocument' on input line 1757.
Package atveryend Info: Empty hook `AfterLastShipout' on input line 1757.
(./images.aux)
Package atveryend Info: Empty hook `AtVeryEndDocument' on input line 1757.
Package atveryend Info: Executing hook `AtEndAfterFileList' on input line 1757.


Package rerunfilecheck Warning: File `images.out' has changed.
(rerunfilecheck)                Rerun to get outlines right
(rerunfilecheck)                or use package `bookmark'.

Package rerunfilecheck Info: Checksums for `images.out':
(rerunfilecheck)             Before: <no file>
(rerunfilecheck)             After:  D41D8CD98F00B204E9800998ECF8427E;0.
Package atveryend Info: Empty hook `AtVeryVeryEnd' on input line 1757.
 ) 
Here is how much of TeX's memory you used:
 6989 strings out of 495004
 101599 string characters out of 6181430
 194128 words of memory out of 5000000
 10170 multiletter control sequences out of 15000+600000
 8920 words of font info for 24 fonts, out of 8000000 for 9000
 14 hyphenation exceptions out of 8191
 29i,10n,43p,171b,439s stack positions out of 5000i,500n,10000p,200000b,80000s

Output written on images.dvi (144 pages, 102936 bytes).
